# JRE version: Java(TM) SE Runtime Environment (17.0.10+11) (build 17.0.10+11-LTS-240)
# Java VM: Java HotSpot(TM) 64-Bit Server VM (17.0.10+11-LTS-240, mixed mode, sharing, tiered, compressed oops, compressed class ptrs, g1 gc, windows-amd64)
GC Precious Log:
 CPUs: 8 total, 8 available
 Memory: 20331M
 Large Page Support: Disabled
 NUMA Support: Disabled
 Compressed Oops: Enabled (Zero based)
 Heap Region Size: 4M
 Heap Min Capacity: 8M
 Heap Initial Capacity: 320M
 Heap Max Capacity: 5084M
 Pre-touch: Disabled
 Parallel Workers: 8
 Concurrent Workers: 2
 Concurrent Refinement Workers: 8
 Periodic GC: Disabled
Heap:
 garbage-first heap   total 69632K, used 26017K [0x00000006c2400000, 0x0000000800000000)
  region size 4096K, 4 young (16384K), 1 survivors (4096K)
 Metaspace       used 31452K, committed 31936K, reserved 1114112K
  class space    used 4124K, committed 4352K, reserved 1048576K
GC Heap History (14 events):
Event: 2.866 GC heap before
{Heap before GC invocations=0 (full 0):
 garbage-first heap   total 327680K, used 20480K [0x00000006c2400000, 0x0000000800000000)
  region size 4096K, 5 young (20480K), 0 survivors (0K)
 Metaspace       used 4409K, committed 4544K, reserved 1114112K
  class space    used 496K, committed 576K, reserved 1048576K
}
Event: 2.918 GC heap after
{Heap after GC invocations=1 (full 0):
 garbage-first heap   total 327680K, used 6419K [0x00000006c2400000, 0x0000000800000000)
  region size 4096K, 1 young (4096K), 1 survivors (4096K)
 Metaspace       used 4409K, committed 4544K, reserved 1114112K
  class space    used 496K, committed 576K, reserved 1048576K
}
Event: 4.510 GC heap before
{Heap before GC invocations=1 (full 0):
 garbage-first heap   total 327680K, used 22803K [0x00000006c2400000, 0x0000000800000000)
  region size 4096K, 5 young (20480K), 1 survivors (4096K)
 Metaspace       used 8126K, committed 8384K, reserved 1114112K
  class space    used 1014K, committed 1152K, reserved 1048576K
}
Event: 4.514 GC heap after
{Heap after GC invocations=2 (full 0):
 garbage-first heap   total 327680K, used 7793K [0x00000006c2400000, 0x0000000800000000)
  region size 4096K, 1 young (4096K), 1 survivors (4096K)
 Metaspace       used 8126K, committed 8384K, reserved 1114112K
  class space    used 1014K, committed 1152K, reserved 1048576K
}
Event: 5.881 GC heap before
{Heap before GC invocations=2 (full 0):
 garbage-first heap   total 327680K, used 44657K [0x00000006c2400000, 0x0000000800000000)
  region size 4096K, 10 young (40960K), 1 survivors (4096K)
 Metaspace       used 16309K, committed 16640K, reserved 1114112K
  class space    used 2127K, committed 2304K, reserved 1048576K
}
Event: 5.886 GC heap after
{Heap after GC invocations=3 (full 0):
 garbage-first heap   total 327680K, used 9898K [0x00000006c2400000, 0x0000000800000000)
  region size 4096K, 1 young (4096K), 1 survivors (4096K)
 Metaspace       used 16309K, committed 16640K, reserved 1114112K
  class space    used 2127K, committed 2304K, reserved 1048576K
}
Event: 6.844 GC heap before
{Heap before GC invocations=3 (full 0):
 garbage-first heap   total 327680K, used 38570K [0x00000006c2400000, 0x0000000800000000)
  region size 4096K, 9 young (36864K), 1 survivors (4096K)
 Metaspace       used 21280K, committed 21504K, reserved 1114112K
  class space    used 2735K, committed 2880K, reserved 1048576K
}
Event: 6.851 GC heap after
{Heap after GC invocations=4 (full 0):
 garbage-first heap   total 327680K, used 13481K [0x00000006c2400000, 0x0000000800000000)
  region size 4096K, 2 young (8192K), 2 survivors (8192K)
 Metaspace       used 21280K, committed 21504K, reserved 1114112K
  class space    used 2735K, committed 2880K, reserved 1048576K
}
Event: 8.670 GC heap before
{Heap before GC invocations=5 (full 0):
 garbage-first heap   total 69632K, used 46249K [0x00000006c2400000, 0x0000000800000000)
  region size 4096K, 10 young (40960K), 2 survivors (8192K)
 Metaspace       used 24670K, committed 24960K, reserved 1114112K
  class space    used 3201K, committed 3328K, reserved 1048576K
}
Event: 8.679 GC heap after
{Heap after GC invocations=6 (full 0):
 garbage-first heap   total 69632K, used 15511K [0x00000006c2400000, 0x0000000800000000)
  region size 4096K, 2 young (8192K), 2 survivors (8192K)
 Metaspace       used 24670K, committed 24960K, reserved 1114112K
  class space    used 3201K, committed 3328K, reserved 1048576K
}
Event: 8.952 GC heap before
{Heap before GC invocations=6 (full 0):
 garbage-first heap   total 69632K, used 19607K [0x00000006c2400000, 0x0000000800000000)
  region size 4096K, 3 young (12288K), 2 survivors (8192K)
 Metaspace       used 25033K, committed 25280K, reserved 1114112K
  class space    used 3258K, committed 3392K, reserved 1048576K
}
Event: 8.959 GC heap after
{Heap after GC invocations=7 (full 0):
 garbage-first heap   total 69632K, used 15934K [0x00000006c2400000, 0x0000000800000000)
  region size 4096K, 1 young (4096K), 1 survivors (4096K)
 Metaspace       used 25033K, committed 25280K, reserved 1114112K
  class space    used 3258K, committed 3392K, reserved 1048576K
}
Event: 10.840 GC heap before
{Heap before GC invocations=7 (full 0):
 garbage-first heap   total 69632K, used 44606K [0x00000006c2400000, 0x0000000800000000)
  region size 4096K, 8 young (32768K), 1 survivors (4096K)
 Metaspace       used 29257K, committed 29696K, reserved 1114112K
  class space    used 3900K, committed 4096K, reserved 1048576K
}
Event: 10.846 GC heap after
{Heap after GC invocations=8 (full 0):
 garbage-first heap   total 69632K, used 17825K [0x00000006c2400000, 0x0000000800000000)
  region size 4096K, 1 young (4096K), 1 survivors (4096K)
 Metaspace       used 29257K, committed 29696K, reserved 1114112K
  class space    used 3900K, committed 4096K, reserved 1048576K
}

